D:\THOMASLAB\RECAST\RECASTDEMO\RECASTDEMO.DIR\DEBUG\SLIDESHOW.OBJ
D:\THOMASLAB\RECAST\RECASTDEMO\RECASTDEMO.DIR\DEBUG\SAMPLEINTERFACES.OBJ
D:\THOMASLAB\RECAST\RECASTDEMO\RECASTDEMO.DIR\DEBUG\SAMPLE_TEMPOBSTACLES.OBJ
D:\THOMASLAB\RECAST\RECASTDEMO\RECASTDEMO.DIR\DEBUG\SAMPLE_TILEMESH.OBJ
D:\THOMASLAB\RECAST\RECASTDEMO\RECASTDEMO.DIR\DEBUG\SAMPLE_SOLOMESH.OBJ
D:\THOMASLAB\RECAST\RECASTDEMO\RECASTDEMO.DIR\DEBUG\SAMPLE_DEBUG.OBJ
D:\THOMASLAB\RECAST\RECASTDEMO\RECASTDEMO.DIR\DEBUG\SAMPLE.OBJ
D:\THOMASLAB\RECAST\RECASTDEMO\RECASTDEMO.DIR\DEBUG\PERFTIMER.OBJ
D:\THOMASLAB\RECAST\RECASTDEMO\RECASTDEMO.DIR\DEBUG\OFFMESHCONNECTIONTOOL.OBJ
D:\THOMASLAB\RECAST\RECASTDEMO\RECASTDEMO.DIR\DEBUG\NAVMESHTESTERTOOL.OBJ
D:\THOMASLAB\RECAST\RECASTDEMO\RECASTDEMO.DIR\DEBUG\NAVMESHPRUNETOOL.OBJ
D:\THOMASLAB\RECAST\RECASTDEMO\RECASTDEMO.DIR\DEBUG\MESHLOADEROBJ.OBJ
D:\THOMASLAB\RECAST\RECASTDEMO\RECASTDEMO.DIR\DEBUG\MAIN.OBJ
D:\THOMASLAB\RECAST\RECASTDEMO\RECASTDEMO.DIR\DEBUG\INPUTGEOM.OBJ
D:\THOMASLAB\RECAST\RECASTDEMO\RECASTDEMO.DIR\DEBUG\IMGUIRENDERGL.OBJ
D:\THOMASLAB\RECAST\RECASTDEMO\RECASTDEMO.DIR\DEBUG\IMGUI.OBJ
D:\THOMASLAB\RECAST\RECASTDEMO\RECASTDEMO.DIR\DEBUG\FILELIST.OBJ
D:\THOMASLAB\RECAST\RECASTDEMO\RECASTDEMO.DIR\DEBUG\CROWDTOOL.OBJ
D:\THOMASLAB\RECAST\RECASTDEMO\RECASTDEMO.DIR\DEBUG\CONVEXVOLUMETOOL.OBJ
D:\THOMASLAB\RECAST\RECASTDEMO\RECASTDEMO.DIR\DEBUG\CHUNKYTRIMESH.OBJ
D:\THOMASLAB\RECAST\RECASTDEMO\RECASTDEMO.DIR\DEBUG\VALUEHISTORY.OBJ
D:\THOMASLAB\RECAST\RECASTDEMO\RECASTDEMO.DIR\DEBUG\TESTCASE.OBJ
D:\THOMASLAB\RECAST\RECASTDEMO\BIN\DEBUG\RECASTDEMO.PDB
D:\THOMASLAB\RECAST\RECASTDEMO\RECASTDEMO.DIR\DEBUG\FASTLZ.OBJ
D:\THOMASLAB\RECAST\RECASTDEMO\CMAKEFILES\GENERATE.STAMP
D:\ThomasLab\ReCast\RecastDemo\RecastDemo.dir\Debug\ChunkyTriMesh.obj
D:\ThomasLab\ReCast\RecastDemo\RecastDemo.dir\Debug\ConvexVolumeTool.obj
D:\ThomasLab\ReCast\RecastDemo\RecastDemo.dir\Debug\CrowdTool.obj
D:\ThomasLab\ReCast\RecastDemo\RecastDemo.dir\Debug\fastlz.obj
D:\ThomasLab\ReCast\RecastDemo\RecastDemo.dir\Debug\Filelist.obj
D:\ThomasLab\ReCast\RecastDemo\RecastDemo.dir\Debug\imgui.obj
D:\ThomasLab\ReCast\RecastDemo\RecastDemo.dir\Debug\imguiRenderGL.obj
D:\ThomasLab\ReCast\RecastDemo\RecastDemo.dir\Debug\InputGeom.obj
D:\ThomasLab\ReCast\RecastDemo\RecastDemo.dir\Debug\main.obj
D:\ThomasLab\ReCast\RecastDemo\RecastDemo.dir\Debug\MeshLoaderObj.obj
D:\ThomasLab\ReCast\RecastDemo\RecastDemo.dir\Debug\NavMeshPruneTool.obj
D:\ThomasLab\ReCast\RecastDemo\RecastDemo.dir\Debug\NavMeshTesterTool.obj
D:\ThomasLab\ReCast\RecastDemo\RecastDemo.dir\Debug\OffMeshConnectionTool.obj
D:\ThomasLab\ReCast\RecastDemo\RecastDemo.dir\Debug\PerfTimer.obj
D:\ThomasLab\ReCast\RecastDemo\RecastDemo.dir\Debug\Sample.obj
D:\ThomasLab\ReCast\RecastDemo\RecastDemo.dir\Debug\SampleInterfaces.obj
D:\ThomasLab\ReCast\RecastDemo\RecastDemo.dir\Debug\Sample_Debug.obj
D:\ThomasLab\ReCast\RecastDemo\RecastDemo.dir\Debug\Sample_SoloMesh.obj
D:\ThomasLab\ReCast\RecastDemo\RecastDemo.dir\Debug\Sample_TempObstacles.obj
D:\ThomasLab\ReCast\RecastDemo\RecastDemo.dir\Debug\Sample_TileMesh.obj
D:\ThomasLab\ReCast\RecastDemo\RecastDemo.dir\Debug\SlideShow.obj
D:\ThomasLab\ReCast\RecastDemo\RecastDemo.dir\Debug\TestCase.obj
D:\ThomasLab\ReCast\RecastDemo\RecastDemo.dir\Debug\ValueHistory.obj
D:\ThomasLab\ReCast\RecastDemo\RecastDemo.dir\Debug\cl.command.1.tlog
D:\ThomasLab\ReCast\RecastDemo\RecastDemo.dir\Debug\CL.read.1.tlog
D:\ThomasLab\ReCast\RecastDemo\RecastDemo.dir\Debug\CL.write.1.tlog
D:\ThomasLab\ReCast\RecastDemo\RecastDemo.dir\Debug\custombuild.command.1.tlog
D:\ThomasLab\ReCast\RecastDemo\RecastDemo.dir\Debug\custombuild.read.1.tlog
D:\ThomasLab\ReCast\RecastDemo\RecastDemo.dir\Debug\custombuild.write.1.tlog
D:\ThomasLab\ReCast\RecastDemo\RecastDemo.dir\Debug\link-cvtres.read.1.tlog
D:\ThomasLab\ReCast\RecastDemo\RecastDemo.dir\Debug\link-cvtres.write.1.tlog
D:\ThomasLab\ReCast\RecastDemo\RecastDemo.dir\Debug\link-rc.read.1.tlog
D:\ThomasLab\ReCast\RecastDemo\RecastDemo.dir\Debug\link-rc.write.1.tlog
D:\ThomasLab\ReCast\RecastDemo\RecastDemo.dir\Debug\link.command.1.tlog
D:\ThomasLab\ReCast\RecastDemo\RecastDemo.dir\Debug\link.read.1.tlog
D:\ThomasLab\ReCast\RecastDemo\RecastDemo.dir\Debug\link.write.1.tlog
