D:\THOMASLAB\RECAST\DEBUGUTILS\DEBUGUTILS.DIR\DEBUG\RECASTDUMP.OBJ
D:\THOMASLAB\RECAST\DEBUGUTILS\DEBUGUTILS.DIR\DEBUG\RECASTDEBUGDRAW.OBJ
D:\THOMASLAB\RECAST\DEBUGUTILS\DEBUGUTILS.DIR\DEBUG\DETOURDEBUGDRAW.OBJ
D:\THOMASLAB\RECAST\DEBUGUTILS\DEBUGUTILS.DIR\DEBUG\DEBUGDRAW.OBJ
D:\THOMASLAB\RECAST\DEBUGUTILS\DEBUG\DEBUGUTILS.PDB
D:\THOMASLAB\RECAST\DEBUGUTILS\CMAKEFILES\GENERATE.STAMP
D:\THOMASLAB\RECAST\DEBUGUTILS\DEBUG\DEBUGUTILS.LIB
D:\ThomasLab\ReCast\DebugUtils\DebugUtils.dir\Debug\DebugDraw.obj
D:\ThomasLab\ReCast\DebugUtils\DebugUtils.dir\Debug\DetourDebugDraw.obj
D:\ThomasLab\ReCast\DebugUtils\DebugUtils.dir\Debug\RecastDebugDraw.obj
D:\ThomasLab\ReCast\DebugUtils\DebugUtils.dir\Debug\RecastDump.obj
D:\ThomasLab\ReCast\DebugUtils\DebugUtils.dir\Debug\cl.command.1.tlog
D:\ThomasLab\ReCast\DebugUtils\DebugUtils.dir\Debug\CL.read.1.tlog
D:\ThomasLab\ReCast\DebugUtils\DebugUtils.dir\Debug\CL.write.1.tlog
D:\ThomasLab\ReCast\DebugUtils\DebugUtils.dir\Debug\custombuild.command.1.tlog
D:\ThomasLab\ReCast\DebugUtils\DebugUtils.dir\Debug\custombuild.read.1.tlog
D:\ThomasLab\ReCast\DebugUtils\DebugUtils.dir\Debug\custombuild.write.1.tlog
D:\ThomasLab\ReCast\DebugUtils\DebugUtils.dir\Debug\Lib-link.read.1.tlog
D:\ThomasLab\ReCast\DebugUtils\DebugUtils.dir\Debug\Lib-link.write.1.tlog
D:\ThomasLab\ReCast\DebugUtils\DebugUtils.dir\Debug\lib.command.1.tlog
D:\ThomasLab\ReCast\DebugUtils\Debug\DebugUtils.lib
