D:\THOMASLAB\RECAST\RECAST\RECAST.DIR\DEBUG\RECASTREGION.OBJ
D:\THOMASLAB\RECAST\RECAST\RECAST.DIR\DEBUG\RECASTRASTERIZATION.OBJ
D:\THOMASLAB\RECAST\RECAST\RECAST.DIR\DEBUG\RECASTMESHDETAIL.OBJ
D:\THOMASLAB\RECAST\RECAST\RECAST.DIR\DEBUG\RECASTMESH.OBJ
D:\THOMASLAB\RECAST\RECAST\RECAST.DIR\DEBUG\RECASTLAYERS.OBJ
D:\THOMASLAB\RECAST\RECAST\RECAST.DIR\DEBUG\RECASTFILTER.OBJ
D:\THOMASLAB\RECAST\RECAST\RECAST.DIR\DEBUG\RECASTCONTOUR.OBJ
D:\THOMASLAB\RECAST\RECAST\RECAST.DIR\DEBUG\RECASTALLOC.OBJ
D:\THOMASLAB\RECAST\RECAST\RECAST.DIR\DEBUG\RECASTAREA.OBJ
D:\THOMASLAB\RECAST\RECAST\RECAST.DIR\DEBUG\RECAST.OBJ
D:\THOMASLAB\RECAST\RECAST\DEBUG\RECAST.PDB
D:\THOMASLAB\RECAST\RECAST\CMAKEFILES\GENERATE.STAMP
D:\THOMASLAB\RECAST\RECAST\DEBUG\RECAST.LIB
D:\ThomasLab\ReCast\Recast\Recast.dir\Debug\Recast.obj
D:\ThomasLab\ReCast\Recast\Recast.dir\Debug\RecastAlloc.obj
D:\ThomasLab\ReCast\Recast\Recast.dir\Debug\RecastArea.obj
D:\ThomasLab\ReCast\Recast\Recast.dir\Debug\RecastContour.obj
D:\ThomasLab\ReCast\Recast\Recast.dir\Debug\RecastFilter.obj
D:\ThomasLab\ReCast\Recast\Recast.dir\Debug\RecastLayers.obj
D:\ThomasLab\ReCast\Recast\Recast.dir\Debug\RecastMesh.obj
D:\ThomasLab\ReCast\Recast\Recast.dir\Debug\RecastMeshDetail.obj
D:\ThomasLab\ReCast\Recast\Recast.dir\Debug\RecastRasterization.obj
D:\ThomasLab\ReCast\Recast\Recast.dir\Debug\RecastRegion.obj
D:\ThomasLab\ReCast\Recast\Recast.dir\Debug\cl.command.1.tlog
D:\ThomasLab\ReCast\Recast\Recast.dir\Debug\CL.read.1.tlog
D:\ThomasLab\ReCast\Recast\Recast.dir\Debug\CL.write.1.tlog
D:\ThomasLab\ReCast\Recast\Recast.dir\Debug\custombuild.command.1.tlog
D:\ThomasLab\ReCast\Recast\Recast.dir\Debug\custombuild.read.1.tlog
D:\ThomasLab\ReCast\Recast\Recast.dir\Debug\custombuild.write.1.tlog
D:\ThomasLab\ReCast\Recast\Recast.dir\Debug\Lib-link.read.1.tlog
D:\ThomasLab\ReCast\Recast\Recast.dir\Debug\Lib-link.write.1.tlog
D:\ThomasLab\ReCast\Recast\Recast.dir\Debug\lib.command.1.tlog
D:\ThomasLab\ReCast\Recast\Debug\Recast.lib
