D:\THOMASLAB\RECAST\DETOUR\DETOUR.DIR\DEBUG\DETOURNODE.OBJ
D:\THOMASLAB\RECAST\DETOUR\DETOUR.DIR\DEBUG\DETOURNAVMESHQUERY.OBJ
D:\THOMASLAB\RECAST\DETOUR\DETOUR.DIR\DEBUG\DETOURNAVMESHBUILDER.OBJ
D:\THOMASLAB\RECAST\DETOUR\DETOUR.DIR\DEBUG\DETOURNAVMESH.OBJ
D:\THOMASLAB\RECAST\DETOUR\DETOUR.DIR\DEBUG\DETOURCOMMON.OBJ
D:\THOMASLAB\RECAST\DETOUR\DETOUR.DIR\DEBUG\DETOURALLOC.OBJ
D:\THOMASLAB\RECAST\DETOUR\DEBUG\DETOUR.PDB
D:\THOMASLAB\RECAST\DETOUR\CMAKEFILES\GENERATE.STAMP
D:\THOMASLAB\RECAST\DETOUR\DEBUG\DETOUR.LIB
D:\ThomasLab\ReCast\Detour\Detour.dir\Debug\DetourAlloc.obj
D:\ThomasLab\ReCast\Detour\Detour.dir\Debug\DetourCommon.obj
D:\ThomasLab\ReCast\Detour\Detour.dir\Debug\DetourNavMesh.obj
D:\ThomasLab\ReCast\Detour\Detour.dir\Debug\DetourNavMeshBuilder.obj
D:\ThomasLab\ReCast\Detour\Detour.dir\Debug\DetourNavMeshQuery.obj
D:\ThomasLab\ReCast\Detour\Detour.dir\Debug\DetourNode.obj
D:\ThomasLab\ReCast\Detour\Detour.dir\Debug\cl.command.1.tlog
D:\ThomasLab\ReCast\Detour\Detour.dir\Debug\CL.read.1.tlog
D:\ThomasLab\ReCast\Detour\Detour.dir\Debug\CL.write.1.tlog
D:\ThomasLab\ReCast\Detour\Detour.dir\Debug\custombuild.command.1.tlog
D:\ThomasLab\ReCast\Detour\Detour.dir\Debug\custombuild.read.1.tlog
D:\ThomasLab\ReCast\Detour\Detour.dir\Debug\custombuild.write.1.tlog
D:\ThomasLab\ReCast\Detour\Detour.dir\Debug\Lib-link.read.1.tlog
D:\ThomasLab\ReCast\Detour\Detour.dir\Debug\Lib-link.write.1.tlog
D:\ThomasLab\ReCast\Detour\Detour.dir\Debug\lib.command.1.tlog
D:\ThomasLab\ReCast\Detour\Debug\Detour.lib
