D:\THOMASLAB\RECAST\DETOURCROWD\DETOURCROWD.DIR\DEBUG\DETOURPROXIMITYGRID.OBJ
D:\THOMASLAB\RECAST\DETOURCROWD\DETOURCROWD.DIR\DEBUG\DETOURCROWD.OBJ
D:\THOMASLAB\RECAST\DETOURCROWD\DETOURCROWD.DIR\DEBUG\DETOURPATHQUEUE.OBJ
D:\THOMASLAB\RECAST\DETOURCROWD\DETOURCROWD.DIR\DEBUG\DETOUROBSTACLEAVOIDANCE.OBJ
D:\THOMASLAB\RECAST\DETOURCROWD\DETOURCROWD.DIR\DEBUG\DETOURLOCALBOUNDARY.OBJ
D:\THOMASLAB\RECAST\DETOURCROWD\DETOURCROWD.DIR\DEBUG\DETOURPATHCORRIDOR.OBJ
D:\THOMASLAB\RECAST\DETOURCROWD\DEBUG\DETOURCROWD.PDB
D:\THOMASLAB\RECAST\DETOURCROWD\CMAKEFILES\GENERATE.STAMP
D:\THOMASLAB\RECAST\DETOURCROWD\DEBUG\DETOURCROWD.LIB
D:\ThomasLab\ReCast\DetourCrowd\DetourCrowd.dir\Debug\DetourCrowd.obj
D:\ThomasLab\ReCast\DetourCrowd\DetourCrowd.dir\Debug\DetourLocalBoundary.obj
D:\ThomasLab\ReCast\DetourCrowd\DetourCrowd.dir\Debug\DetourObstacleAvoidance.obj
D:\ThomasLab\ReCast\DetourCrowd\DetourCrowd.dir\Debug\DetourPathCorridor.obj
D:\ThomasLab\ReCast\DetourCrowd\DetourCrowd.dir\Debug\DetourPathQueue.obj
D:\ThomasLab\ReCast\DetourCrowd\DetourCrowd.dir\Debug\DetourProximityGrid.obj
D:\ThomasLab\ReCast\DetourCrowd\DetourCrowd.dir\Debug\cl.command.1.tlog
D:\ThomasLab\ReCast\DetourCrowd\DetourCrowd.dir\Debug\CL.read.1.tlog
D:\ThomasLab\ReCast\DetourCrowd\DetourCrowd.dir\Debug\CL.write.1.tlog
D:\ThomasLab\ReCast\DetourCrowd\DetourCrowd.dir\Debug\custombuild.command.1.tlog
D:\ThomasLab\ReCast\DetourCrowd\DetourCrowd.dir\Debug\custombuild.read.1.tlog
D:\ThomasLab\ReCast\DetourCrowd\DetourCrowd.dir\Debug\custombuild.write.1.tlog
D:\ThomasLab\ReCast\DetourCrowd\DetourCrowd.dir\Debug\Lib-link.read.1.tlog
D:\ThomasLab\ReCast\DetourCrowd\DetourCrowd.dir\Debug\Lib-link.write.1.tlog
D:\ThomasLab\ReCast\DetourCrowd\DetourCrowd.dir\Debug\lib.command.1.tlog
D:\ThomasLab\ReCast\DetourCrowd\Debug\DetourCrowd.lib
